# JRE version: OpenJDK Runtime Environment (11.0.10) (build 11.0.10+0-b96-7249189)
# Java VM: OpenJDK 64-Bit Server VM (11.0.10+0-b96-7249189, mixed mode, tiered, compressed oops, g1 gc, windows-amd64)
Heap:
 garbage-first heap   total 196608K, used 128807K [0x0000000080000000, 0x0000000100000000)
  region size 1024K, 3 young (3072K), 2 survivors (2048K)
 Metaspace       used 128241K, capacity 131532K, committed 134564K, reserved 1165312K
  class space    used 16085K, capacity 17310K, committed 18560K, reserved 1048576K
GC Heap History (20 events):
Event: 12.572 GC heap before
{Heap before GC invocations=24 (full 0):
 garbage-first heap   total 196608K, used 157936K [0x0000000080000000, 0x0000000100000000)
  region size 1024K, 59 young (60416K), 9 survivors (9216K)
 Metaspace       used 119195K, capacity 123208K, committed 123300K, reserved 1155072K
  class space    used 15586K, capacity 17213K, committed 17280K, reserved 1048576K
}
Event: 12.582 GC heap after
{Heap after GC invocations=25 (full 0):
 garbage-first heap   total 196608K, used 112905K [0x0000000080000000, 0x0000000100000000)
  region size 1024K, 6 young (6144K), 6 survivors (6144K)
 Metaspace       used 119195K, capacity 123208K, committed 123300K, reserved 1155072K
  class space    used 15586K, capacity 17213K, committed 17280K, reserved 1048576K
}
Event: 12.867 GC heap before
{Heap before GC invocations=26 (full 0):
 garbage-first heap   total 196608K, used 160009K [0x0000000080000000, 0x0000000100000000)
  region size 1024K, 52 young (53248K), 6 survivors (6144K)
 Metaspace       used 121661K, capacity 125818K, committed 125988K, reserved 1157120K
  class space    used 15981K, capacity 17660K, committed 17664K, reserved 1048576K
}
Event: 12.872 GC heap after
{Heap after GC invocations=27 (full 0):
 garbage-first heap   total 196608K, used 116123K [0x0000000080000000, 0x0000000100000000)
  region size 1024K, 7 young (7168K), 7 survivors (7168K)
 Metaspace       used 121661K, capacity 125818K, committed 125988K, reserved 1157120K
  class space    used 15981K, capacity 17660K, committed 17664K, reserved 1048576K
}
Event: 12.879 GC heap before
{Heap before GC invocations=27 (full 0):
 garbage-first heap   total 196608K, used 117147K [0x0000000080000000, 0x0000000100000000)
  region size 1024K, 9 young (9216K), 7 survivors (7168K)
 Metaspace       used 121674K, capacity 125819K, committed 125988K, reserved 1157120K
  class space    used 15981K, capacity 17660K, committed 17664K, reserved 1048576K
}
Event: 12.889 GC heap after
{Heap after GC invocations=28 (full 0):
 garbage-first heap   total 196608K, used 117050K [0x0000000080000000, 0x0000000100000000)
  region size 1024K, 1 young (1024K), 1 survivors (1024K)
 Metaspace       used 121674K, capacity 125819K, committed 125988K, reserved 1157120K
  class space    used 15981K, capacity 17660K, committed 17664K, reserved 1048576K
}
Event: 13.217 GC heap before
{Heap before GC invocations=29 (full 0):
 garbage-first heap   total 196608K, used 141626K [0x0000000080000000, 0x0000000100000000)
  region size 1024K, 27 young (27648K), 1 survivors (1024K)
 Metaspace       used 121304K, capacity 124403K, committed 127524K, reserved 1159168K
  class space    used 15505K, capacity 16663K, committed 17920K, reserved 1048576K
}
Event: 13.219 GC heap after
{Heap after GC invocations=30 (full 0):
 garbage-first heap   total 196608K, used 115492K [0x0000000080000000, 0x0000000100000000)
  region size 1024K, 2 young (2048K), 2 survivors (2048K)
 Metaspace       used 121304K, capacity 124403K, committed 127524K, reserved 1159168K
  class space    used 15505K, capacity 16663K, committed 17920K, reserved 1048576K
}
Event: 13.410 GC heap before
{Heap before GC invocations=30 (full 0):
 garbage-first heap   total 196608K, used 154404K [0x0000000080000000, 0x0000000100000000)
  region size 1024K, 9 young (9216K), 2 survivors (2048K)
 Metaspace       used 122219K, capacity 125279K, committed 128420K, reserved 1159168K
  class space    used 15615K, capacity 16804K, committed 18048K, reserved 1048576K
}
Event: 13.412 GC heap after
{Heap after GC invocations=31 (full 0):
 garbage-first heap   total 196608K, used 112692K [0x0000000080000000, 0x0000000100000000)
  region size 1024K, 1 young (1024K), 1 survivors (1024K)
 Metaspace       used 122219K, capacity 125279K, committed 128420K, reserved 1159168K
  class space    used 15615K, capacity 16804K, committed 18048K, reserved 1048576K
}
Event: 34.050 GC heap before
{Heap before GC invocations=31 (full 0):
 garbage-first heap   total 196608K, used 143412K [0x0000000080000000, 0x0000000100000000)
  region size 1024K, 32 young (32768K), 1 survivors (1024K)
 Metaspace       used 125137K, capacity 128294K, committed 131364K, reserved 1163264K
  class space    used 15834K, capacity 17026K, committed 18176K, reserved 1048576K
}
Event: 34.055 GC heap after
{Heap after GC invocations=32 (full 0):
 garbage-first heap   total 196608K, used 114351K [0x0000000080000000, 0x0000000100000000)
  region size 1024K, 3 young (3072K), 3 survivors (3072K)
 Metaspace       used 125137K, capacity 128294K, committed 131364K, reserved 1163264K
  class space    used 15834K, capacity 17026K, committed 18176K, reserved 1048576K
}
Event: 34.376 GC heap before
{Heap before GC invocations=33 (full 0):
 garbage-first heap   total 196608K, used 146095K [0x0000000080000000, 0x0000000100000000)
  region size 1024K, 36 young (36864K), 3 survivors (3072K)
 Metaspace       used 125559K, capacity 128703K, committed 131748K, reserved 1163264K
  class space    used 15817K, capacity 17015K, committed 18304K, reserved 1048576K
}
Event: 34.382 GC heap after
{Heap after GC invocations=34 (full 0):
 garbage-first heap   total 196608K, used 121036K [0x0000000080000000, 0x0000000100000000)
  region size 1024K, 5 young (5120K), 5 survivors (5120K)
 Metaspace       used 125559K, capacity 128703K, committed 131748K, reserved 1163264K
  class space    used 15817K, capacity 17015K, committed 18304K, reserved 1048576K
}
Event: 34.425 GC heap before
{Heap before GC invocations=34 (full 0):
 garbage-first heap   total 196608K, used 124108K [0x0000000080000000, 0x0000000100000000)
  region size 1024K, 9 young (9216K), 5 survivors (5120K)
 Metaspace       used 125990K, capacity 129125K, committed 132260K, reserved 1163264K
  class space    used 15866K, capacity 17049K, committed 18304K, reserved 1048576K
}
Event: 34.430 GC heap after
{Heap after GC invocations=35 (full 0):
 garbage-first heap   total 196608K, used 116655K [0x0000000080000000, 0x0000000100000000)
  region size 1024K, 2 young (2048K), 2 survivors (2048K)
 Metaspace       used 125990K, capacity 129125K, committed 132260K, reserved 1163264K
  class space    used 15866K, capacity 17049K, committed 18304K, reserved 1048576K
}
Event: 34.613 GC heap before
{Heap before GC invocations=35 (full 0):
 garbage-first heap   total 196608K, used 145327K [0x0000000080000000, 0x0000000100000000)
  region size 1024K, 32 young (32768K), 2 survivors (2048K)
 Metaspace       used 126504K, capacity 129643K, committed 132772K, reserved 1163264K
  class space    used 15912K, capacity 17116K, committed 18304K, reserved 1048576K
}
Event: 34.622 GC heap after
{Heap after GC invocations=36 (full 0):
 garbage-first heap   total 196608K, used 128767K [0x0000000080000000, 0x0000000100000000)
  region size 1024K, 5 young (5120K), 5 survivors (5120K)
 Metaspace       used 126504K, capacity 129643K, committed 132772K, reserved 1163264K
  class space    used 15912K, capacity 17116K, committed 18304K, reserved 1048576K
}
Event: 34.884 GC heap before
{Heap before GC invocations=37 (full 0):
 garbage-first heap   total 196608K, used 166655K [0x0000000080000000, 0x0000000100000000)
  region size 1024K, 30 young (30720K), 5 survivors (5120K)
 Metaspace       used 128198K, capacity 131499K, committed 134564K, reserved 1165312K
  class space    used 16079K, capacity 17305K, committed 18560K, reserved 1048576K
}
Event: 34.889 GC heap after
{Heap after GC invocations=38 (full 0):
 garbage-first heap   total 196608K, used 128807K [0x0000000080000000, 0x0000000100000000)
  region size 1024K, 2 young (2048K), 2 survivors (2048K)
 Metaspace       used 128198K, capacity 131499K, committed 134564K, reserved 1165312K
  class space    used 16079K, capacity 17305K, committed 18560K, reserved 1048576K
}

