# JRE version: OpenJDK Runtime Environment (11.0.10) (build 11.0.10+0-b96-7249189)
# Java VM: OpenJDK 64-Bit Server VM (11.0.10+0-b96-7249189, mixed mode, tiered, compressed oops, g1 gc, windows-amd64)
Heap:
 garbage-first heap   total 294912K, used 235000K [0x0000000080000000, 0x0000000100000000)
  region size 1024K, 83 young (84992K), 7 survivors (7168K)
 Metaspace       used 159625K, capacity 165372K, committed 171132K, reserved 1198080K
  class space    used 19490K, capacity 21566K, committed 23296K, reserved 1048576K
GC Heap History (20 events):
Event: 2921.477 GC heap before
{Heap before GC invocations=177 (full 0):
 garbage-first heap   total 294912K, used 165712K [0x0000000080000000, 0x0000000100000000)
  region size 1024K, 45 young (46080K), 2 survivors (2048K)
 Metaspace       used 159487K, capacity 165210K, committed 171132K, reserved 1198080K
  class space    used 19486K, capacity 21561K, committed 23296K, reserved 1048576K
}
Event: 2921.488 GC heap after
{Heap after GC invocations=178 (full 0):
 garbage-first heap   total 294912K, used 126595K [0x0000000080000000, 0x0000000100000000)
  region size 1024K, 6 young (6144K), 6 survivors (6144K)
 Metaspace       used 159487K, capacity 165210K, committed 171132K, reserved 1198080K
  class space    used 19486K, capacity 21561K, committed 23296K, reserved 1048576K
}
Event: 2922.609 GC heap before
{Heap before GC invocations=179 (full 0):
 garbage-first heap   total 294912K, used 279171K [0x0000000080000000, 0x0000000100000000)
  region size 1024K, 107 young (109568K), 6 survivors (6144K)
 Metaspace       used 159513K, capacity 165274K, committed 171132K, reserved 1198080K
  class space    used 19486K, capacity 21561K, committed 23296K, reserved 1048576K
}
Event: 2922.679 GC heap after
{Heap after GC invocations=180 (full 0):
 garbage-first heap   total 294912K, used 159471K [0x0000000080000000, 0x0000000100000000)
  region size 1024K, 10 young (10240K), 10 survivors (10240K)
 Metaspace       used 159513K, capacity 165274K, committed 171132K, reserved 1198080K
  class space    used 19486K, capacity 21561K, committed 23296K, reserved 1048576K
}
Event: 2935.225 GC heap before
{Heap before GC invocations=180 (full 0):
 garbage-first heap   total 294912K, used 163567K [0x0000000080000000, 0x0000000100000000)
  region size 1024K, 14 young (14336K), 10 survivors (10240K)
 Metaspace       used 159527K, capacity 165275K, committed 171132K, reserved 1198080K
  class space    used 19486K, capacity 21561K, committed 23296K, reserved 1048576K
}
Event: 2935.229 GC heap after
{Heap after GC invocations=181 (full 0):
 garbage-first heap   total 294912K, used 122626K [0x0000000080000000, 0x0000000100000000)
  region size 1024K, 2 young (2048K), 2 survivors (2048K)
 Metaspace       used 159527K, capacity 165275K, committed 171132K, reserved 1198080K
  class space    used 19486K, capacity 21561K, committed 23296K, reserved 1048576K
}
Event: 2935.399 GC heap before
{Heap before GC invocations=181 (full 0):
 garbage-first heap   total 294912K, used 164610K [0x0000000080000000, 0x0000000100000000)
  region size 1024K, 45 young (46080K), 2 survivors (2048K)
 Metaspace       used 159532K, capacity 165275K, committed 171132K, reserved 1198080K
  class space    used 19486K, capacity 21561K, committed 23296K, reserved 1048576K
}
Event: 2935.409 GC heap after
{Heap after GC invocations=182 (full 0):
 garbage-first heap   total 294912K, used 126759K [0x0000000080000000, 0x0000000100000000)
  region size 1024K, 6 young (6144K), 6 survivors (6144K)
 Metaspace       used 159532K, capacity 165275K, committed 171132K, reserved 1198080K
  class space    used 19486K, capacity 21561K, committed 23296K, reserved 1048576K
}
Event: 2936.535 GC heap before
{Heap before GC invocations=183 (full 0):
 garbage-first heap   total 294912K, used 251687K [0x0000000080000000, 0x0000000100000000)
  region size 1024K, 106 young (108544K), 6 survivors (6144K)
 Metaspace       used 159545K, capacity 165275K, committed 171132K, reserved 1198080K
  class space    used 19486K, capacity 21561K, committed 23296K, reserved 1048576K
}
Event: 2936.541 GC heap after
{Heap after GC invocations=184 (full 0):
 garbage-first heap   total 294912K, used 136916K [0x0000000080000000, 0x0000000100000000)
  region size 1024K, 10 young (10240K), 10 survivors (10240K)
 Metaspace       used 159545K, capacity 165275K, committed 171132K, reserved 1198080K
  class space    used 19486K, capacity 21561K, committed 23296K, reserved 1048576K
}
Event: 2969.748 GC heap before
{Heap before GC invocations=184 (full 0):
 garbage-first heap   total 294912K, used 166612K [0x0000000080000000, 0x0000000100000000)
  region size 1024K, 14 young (14336K), 10 survivors (10240K)
 Metaspace       used 159550K, capacity 165276K, committed 171132K, reserved 1198080K
  class space    used 19486K, capacity 21561K, committed 23296K, reserved 1048576K
}
Event: 2969.751 GC heap after
{Heap after GC invocations=185 (full 0):
 garbage-first heap   total 294912K, used 122387K [0x0000000080000000, 0x0000000100000000)
  region size 1024K, 2 young (2048K), 2 survivors (2048K)
 Metaspace       used 159550K, capacity 165276K, committed 171132K, reserved 1198080K
  class space    used 19486K, capacity 21561K, committed 23296K, reserved 1048576K
}
Event: 2969.916 GC heap before
{Heap before GC invocations=185 (full 0):
 garbage-first heap   total 294912K, used 165395K [0x0000000080000000, 0x0000000100000000)
  region size 1024K, 46 young (47104K), 2 survivors (2048K)
 Metaspace       used 159560K, capacity 165278K, committed 171132K, reserved 1198080K
  class space    used 19486K, capacity 21561K, committed 23296K, reserved 1048576K
}
Event: 2969.925 GC heap after
{Heap after GC invocations=186 (full 0):
 garbage-first heap   total 294912K, used 126635K [0x0000000080000000, 0x0000000100000000)
  region size 1024K, 6 young (6144K), 6 survivors (6144K)
 Metaspace       used 159560K, capacity 165278K, committed 171132K, reserved 1198080K
  class space    used 19486K, capacity 21561K, committed 23296K, reserved 1048576K
}
Event: 3001.071 GC heap before
{Heap before GC invocations=187 (full 0):
 garbage-first heap   total 294912K, used 252587K [0x0000000080000000, 0x0000000100000000)
  region size 1024K, 111 young (113664K), 6 survivors (6144K)
 Metaspace       used 159582K, capacity 165302K, committed 171132K, reserved 1198080K
  class space    used 19489K, capacity 21565K, committed 23296K, reserved 1048576K
}
Event: 3001.079 GC heap after
{Heap after GC invocations=188 (full 0):
 garbage-first heap   total 294912K, used 137509K [0x0000000080000000, 0x0000000100000000)
  region size 1024K, 14 young (14336K), 14 survivors (14336K)
 Metaspace       used 159582K, capacity 165302K, committed 171132K, reserved 1198080K
  class space    used 19489K, capacity 21565K, committed 23296K, reserved 1048576K
}
Event: 3001.081 GC heap before
{Heap before GC invocations=188 (full 0):
 garbage-first heap   total 294912K, used 138533K [0x0000000080000000, 0x0000000100000000)
  region size 1024K, 15 young (15360K), 14 survivors (14336K)
 Metaspace       used 159582K, capacity 165302K, committed 171132K, reserved 1198080K
  class space    used 19489K, capacity 21565K, committed 23296K, reserved 1048576K
}
Event: 3001.089 GC heap after
{Heap after GC invocations=189 (full 0):
 garbage-first heap   total 294912K, used 138842K [0x0000000080000000, 0x0000000100000000)
  region size 1024K, 2 young (2048K), 2 survivors (2048K)
 Metaspace       used 159582K, capacity 165302K, committed 171132K, reserved 1198080K
  class space    used 19489K, capacity 21565K, committed 23296K, reserved 1048576K
}
Event: 3001.124 GC heap before
{Heap before GC invocations=189 (full 0):
 garbage-first heap   total 294912K, used 154202K [0x0000000080000000, 0x0000000100000000)
  region size 1024K, 18 young (18432K), 2 survivors (2048K)
 Metaspace       used 159582K, capacity 165302K, committed 171132K, reserved 1198080K
  class space    used 19489K, capacity 21565K, committed 23296K, reserved 1048576K
}
Event: 3001.130 GC heap after
{Heap after GC invocations=190 (full 0):
 garbage-first heap   total 294912K, used 143864K [0x0000000080000000, 0x0000000100000000)
  region size 1024K, 7 young (7168K), 7 survivors (7168K)
 Metaspace       used 159582K, capacity 165302K, committed 171132K, reserved 1198080K
  class space    used 19489K, capacity 21565K, committed 23296K, reserved 1048576K
}

