# JRE version: OpenJDK Runtime Environment (11.0.10) (build 11.0.10+0-b96-7249189)
# Java VM: OpenJDK 64-Bit Server VM (11.0.10+0-b96-7249189, mixed mode, tiered, compressed oops, g1 gc, windows-amd64)
Heap:
 garbage-first heap   total 328704K, used 186037K [0x0000000080000000, 0x0000000100000000)
  region size 1024K, 42 young (43008K), 6 survivors (6144K)
 Metaspace       used 160943K, capacity 166526K, committed 169508K, reserved 1196032K
  class space    used 19355K, capacity 21328K, committed 22272K, reserved 1048576K
GC Heap History (20 events):
Event: 6233.084 GC heap before
{Heap before GC invocations=425 (full 0):
 garbage-first heap   total 328704K, used 294026K [0x0000000080000000, 0x0000000100000000)
  region size 1024K, 115 young (117760K), 7 survivors (7168K)
 Metaspace       used 160862K, capacity 166451K, committed 169508K, reserved 1196032K
  class space    used 19355K, capacity 21328K, committed 22272K, reserved 1048576K
}
Event: 6233.087 GC heap after
{Heap after GC invocations=426 (full 0):
 garbage-first heap   total 328704K, used 130664K [0x0000000080000000, 0x0000000100000000)
  region size 1024K, 3 young (3072K), 3 survivors (3072K)
 Metaspace       used 160862K, capacity 166451K, committed 169508K, reserved 1196032K
  class space    used 19355K, capacity 21328K, committed 22272K, reserved 1048576K
}
Event: 6233.130 GC heap before
{Heap before GC invocations=426 (full 0):
 garbage-first heap   total 328704K, used 142952K [0x0000000080000000, 0x0000000100000000)
  region size 1024K, 16 young (16384K), 3 survivors (3072K)
 Metaspace       used 160862K, capacity 166451K, committed 169508K, reserved 1196032K
  class space    used 19355K, capacity 21328K, committed 22272K, reserved 1048576K
}
Event: 6233.134 GC heap after
{Heap after GC invocations=427 (full 0):
 garbage-first heap   total 328704K, used 128320K [0x0000000080000000, 0x0000000100000000)
  region size 1024K, 2 young (2048K), 2 survivors (2048K)
 Metaspace       used 160862K, capacity 166451K, committed 169508K, reserved 1196032K
  class space    used 19355K, capacity 21328K, committed 22272K, reserved 1048576K
}
Event: 6248.271 GC heap before
{Heap before GC invocations=427 (full 0):
 garbage-first heap   total 328704K, used 213312K [0x0000000080000000, 0x0000000100000000)
  region size 1024K, 87 young (89088K), 2 survivors (2048K)
 Metaspace       used 160887K, capacity 166460K, committed 169508K, reserved 1196032K
  class space    used 19355K, capacity 21328K, committed 22272K, reserved 1048576K
}
Event: 6248.287 GC heap after
{Heap after GC invocations=428 (full 0):
 garbage-first heap   total 328704K, used 137334K [0x0000000080000000, 0x0000000100000000)
  region size 1024K, 11 young (11264K), 11 survivors (11264K)
 Metaspace       used 160887K, capacity 166460K, committed 169508K, reserved 1196032K
  class space    used 19355K, capacity 21328K, committed 22272K, reserved 1048576K
}
Event: 6280.430 GC heap before
{Heap before GC invocations=429 (full 0):
 garbage-first heap   total 328704K, used 304246K [0x0000000080000000, 0x0000000100000000)
  region size 1024K, 126 young (129024K), 11 survivors (11264K)
 Metaspace       used 160905K, capacity 166460K, committed 169508K, reserved 1196032K
  class space    used 19355K, capacity 21328K, committed 22272K, reserved 1048576K
}
Event: 6280.435 GC heap after
{Heap after GC invocations=430 (full 0):
 garbage-first heap   total 328704K, used 135179K [0x0000000080000000, 0x0000000100000000)
  region size 1024K, 3 young (3072K), 3 survivors (3072K)
 Metaspace       used 160905K, capacity 166460K, committed 169508K, reserved 1196032K
  class space    used 19355K, capacity 21328K, committed 22272K, reserved 1048576K
}
Event: 6280.479 GC heap before
{Heap before GC invocations=430 (full 0):
 garbage-first heap   total 328704K, used 147467K [0x0000000080000000, 0x0000000100000000)
  region size 1024K, 16 young (16384K), 3 survivors (3072K)
 Metaspace       used 160914K, capacity 166524K, committed 169508K, reserved 1196032K
  class space    used 19355K, capacity 21328K, committed 22272K, reserved 1048576K
}
Event: 6280.484 GC heap after
{Heap after GC invocations=431 (full 0):
 garbage-first heap   total 328704K, used 130107K [0x0000000080000000, 0x0000000100000000)
  region size 1024K, 2 young (2048K), 2 survivors (2048K)
 Metaspace       used 160914K, capacity 166524K, committed 169508K, reserved 1196032K
  class space    used 19355K, capacity 21328K, committed 22272K, reserved 1048576K
}
Event: 6280.573 GC heap before
{Heap before GC invocations=431 (full 0):
 garbage-first heap   total 328704K, used 147515K [0x0000000080000000, 0x0000000100000000)
  region size 1024K, 20 young (20480K), 2 survivors (2048K)
 Metaspace       used 160922K, capacity 166524K, committed 169508K, reserved 1196032K
  class space    used 19355K, capacity 21328K, committed 22272K, reserved 1048576K
}
Event: 6280.584 GC heap after
{Heap after GC invocations=432 (full 0):
 garbage-first heap   total 328704K, used 132226K [0x0000000080000000, 0x0000000100000000)
  region size 1024K, 5 young (5120K), 5 survivors (5120K)
 Metaspace       used 160922K, capacity 166524K, committed 169508K, reserved 1196032K
  class space    used 19355K, capacity 21328K, committed 22272K, reserved 1048576K
}
Event: 6281.938 GC heap before
{Heap before GC invocations=433 (full 0):
 garbage-first heap   total 328704K, used 232578K [0x0000000080000000, 0x0000000100000000)
  region size 1024K, 87 young (89088K), 5 survivors (5120K)
 Metaspace       used 160923K, capacity 166524K, committed 169508K, reserved 1196032K
  class space    used 19355K, capacity 21328K, committed 22272K, reserved 1048576K
}
Event: 6281.945 GC heap after
{Heap after GC invocations=434 (full 0):
 garbage-first heap   total 328704K, used 135872K [0x0000000080000000, 0x0000000100000000)
  region size 1024K, 8 young (8192K), 8 survivors (8192K)
 Metaspace       used 160923K, capacity 166524K, committed 169508K, reserved 1196032K
  class space    used 19355K, capacity 21328K, committed 22272K, reserved 1048576K
}
Event: 6281.969 GC heap before
{Heap before GC invocations=434 (full 0):
 garbage-first heap   total 328704K, used 144064K [0x0000000080000000, 0x0000000100000000)
  region size 1024K, 16 young (16384K), 8 survivors (8192K)
 Metaspace       used 160923K, capacity 166524K, committed 169508K, reserved 1196032K
  class space    used 19355K, capacity 21328K, committed 22272K, reserved 1048576K
}
Event: 6281.975 GC heap after
{Heap after GC invocations=435 (full 0):
 garbage-first heap   total 328704K, used 129552K [0x0000000080000000, 0x0000000100000000)
  region size 1024K, 2 young (2048K), 2 survivors (2048K)
 Metaspace       used 160923K, capacity 166524K, committed 169508K, reserved 1196032K
  class space    used 19355K, capacity 21328K, committed 22272K, reserved 1048576K
}
Event: 6282.012 GC heap before
{Heap before GC invocations=435 (full 0):
 garbage-first heap   total 328704K, used 138768K [0x0000000080000000, 0x0000000100000000)
  region size 1024K, 13 young (13312K), 2 survivors (2048K)
 Metaspace       used 160923K, capacity 166524K, committed 169508K, reserved 1196032K
  class space    used 19355K, capacity 21328K, committed 22272K, reserved 1048576K
}
Event: 6282.016 GC heap after
{Heap after GC invocations=436 (full 0):
 garbage-first heap   total 328704K, used 128867K [0x0000000080000000, 0x0000000100000000)
  region size 1024K, 1 young (1024K), 1 survivors (1024K)
 Metaspace       used 160923K, capacity 166524K, committed 169508K, reserved 1196032K
  class space    used 19355K, capacity 21328K, committed 22272K, reserved 1048576K
}
Event: 6294.526 GC heap before
{Heap before GC invocations=437 (full 0):
 garbage-first heap   total 328704K, used 211811K [0x0000000080000000, 0x0000000100000000)
  region size 1024K, 51 young (52224K), 1 survivors (1024K)
 Metaspace       used 160931K, capacity 166526K, committed 169508K, reserved 1196032K
  class space    used 19355K, capacity 21328K, committed 22272K, reserved 1048576K
}
Event: 6294.540 GC heap after
{Heap after GC invocations=438 (full 0):
 garbage-first heap   total 328704K, used 133813K [0x0000000080000000, 0x0000000100000000)
  region size 1024K, 6 young (6144K), 6 survivors (6144K)
 Metaspace       used 160931K, capacity 166526K, committed 169508K, reserved 1196032K
  class space    used 19355K, capacity 21328K, committed 22272K, reserved 1048576K
}

